[2025-09-30T20:34:08.114Z] INFO: ContentRoutes ["GET /collections"]
[2025-09-30T20:34:08.115Z] ERROR: ContentRoutes ["GET /collections failed",{"error":{}}]
[2025-09-30T20:35:02.529Z] INFO: ContentRoutes ["GET /collections"]
[2025-09-30T20:35:33.395Z] INFO: ContentRoutes ["GET /collections"]
[2025-09-30T20:49:49.563Z] INFO: ContentRoutes ["GET /collections"]
[2025-09-30T20:57:04.236Z] INFO: ContentRoutes ["GET /collections"]
[2025-09-30T20:57:33.172Z] INFO: ContentRoutes ["GET /collections"]
[2025-09-30T21:04:12.724Z] INFO: ContentRoutes ["GET /collections"]
[2025-09-30T21:12:44.490Z] INFO: ContentRoutes ["GET /collections"]
[2025-09-30T21:19:58.827Z] INFO: ContentRoutes ["GET /collections"]
[2025-09-30T21:20:00.361Z] INFO: ContentRoutes ["GET /collections"]
[2025-09-30T21:30:26.946Z] INFO: ContentRoutes ["GET /collections"]
[2025-09-30T21:30:27.788Z] INFO: ContentRoutes ["GET /collections/:slug",{"slug":"cafe"}]
[2025-09-30T21:31:49.403Z] INFO: ContentRoutes ["GET /collections"]
[2025-09-30T21:31:49.407Z] INFO: ContentRoutes ["GET /collections"]
[2025-09-30T21:31:53.476Z] INFO: ContentRoutes ["GET /collections/:slug",{"slug":"flowers"}]
[2025-09-30T21:31:53.485Z] INFO: ContentRoutes ["GET /collections/:slug",{"slug":"flowers"}]
[2025-09-30T21:32:15.207Z] INFO: ContentRoutes ["GET /collections"]
[2025-09-30T21:32:15.216Z] INFO: ContentRoutes ["GET /collections"]
[2025-09-30T21:32:17.218Z] INFO: ContentRoutes ["GET /collections/:slug",{"slug":"couples"}]
[2025-09-30T21:32:17.225Z] INFO: ContentRoutes ["GET /collections/:slug",{"slug":"couples"}]
[2025-09-30T21:32:25.407Z] INFO: ContentRoutes ["GET /collections"]
[2025-09-30T21:32:25.409Z] INFO: ContentRoutes ["GET /collections"]
[2025-09-30T21:32:26.990Z] INFO: ContentRoutes ["GET /collections/:slug",{"slug":"gallery"}]
[2025-09-30T21:32:26.997Z] INFO: ContentRoutes ["GET /collections/:slug",{"slug":"gallery"}]
[2025-09-30T23:08:39.262Z] INFO: ContentRoutes ["GET /collections"]
[2025-09-30T23:08:39.901Z] INFO: ContentRoutes ["GET /collections/:slug",{"slug":"cafe","page":1,"limit":5}]
[2025-09-30T23:08:40.520Z] INFO: ContentRoutes ["GET /collections/:slug/images",{"slug":"cafe","page":1,"limit":5}]
[2025-09-30T23:09:24.460Z] INFO: ContentRoutes ["GET /collections"]
[2025-09-30T23:09:26.540Z] INFO: ContentRoutes ["GET /collections"]
[2025-09-30T23:09:28.619Z] INFO: ContentRoutes ["GET /collections"]
[2025-09-30T23:09:30.704Z] INFO: ContentRoutes ["GET /collections"]
[2025-09-30T23:09:32.768Z] INFO: ContentRoutes ["GET /collections"]
[2025-09-30T23:09:52.091Z] INFO: ContentRoutes ["GET /collections/:slug",{"slug":"cafe","page":1,"limit":5}]
[2025-09-30T23:12:52.624Z] INFO: ContentRoutes ["GET /collections/:slug",{"slug":"darkbeauty","page":1,"limit":3}]
[2025-09-30T23:13:17.580Z] INFO: ContentRoutes ["GET /collections/:slug",{"slug":"darkbeauty","page":2,"limit":3}]
[2025-09-30T23:13:18.280Z] INFO: ContentRoutes ["GET /collections/:slug/images",{"slug":"darkbeauty","page":1,"limit":2}]
[2025-10-01T04:16:11.286Z] INFO: ContentRoutes ["GET /collections"]
[2025-10-01T04:16:15.198Z] INFO: ContentRoutes ["GET /collections/:slug",{"slug":"darkbeauty","page":1,"limit":20}]
[2025-10-01T04:16:19.531Z] INFO: ContentRoutes ["GET /collections/:slug",{"slug":"darkbeauty","page":2,"limit":20}]
[2025-10-01T04:16:26.340Z] INFO: ContentRoutes ["GET /collections/:slug/images",{"slug":"darkbeauty","page":1,"limit":20}]
[2025-10-01T04:16:41.967Z] INFO: ContentRoutes ["GET /collections/:slug",{"slug":"flowers","page":1,"limit":20}]
[2025-10-01T04:17:04.863Z] INFO: ContentRoutes ["GET /collections/:slug",{"slug":"flowers","page":2,"limit":50}]
[2025-10-01T04:17:15.317Z] INFO: ContentRoutes ["GET /collections/:slug",{"slug":"flowers","page":2,"limit":20}]
[2025-10-01T04:17:21.738Z] INFO: ContentRoutes ["GET /collections/:slug",{"slug":"flowers","page":2,"limit":50}]
[2025-10-01T04:17:30.299Z] INFO: ContentRoutes ["GET /collections/:slug",{"slug":"flowers","page":2,"limit":20}]
[2025-10-01T04:22:06.886Z] INFO: ContentRoutes ["GET /collections/:slug",{"slug":"flowers","page":2,"limit":50}]
[2025-10-01T04:22:19.002Z] INFO: ContentRoutes ["GET /collections/:slug",{"slug":"flowers","page":2,"limit":10}]
[2025-10-01T04:22:31.555Z] INFO: ContentRoutes ["GET /collections/:slug",{"slug":"flowers","page":2,"limit":50}]
[2025-10-01T04:22:43.216Z] INFO: ContentRoutes ["GET /collections/:slug",{"slug":"flowers","page":1,"limit":50}]
[2025-10-01T04:22:49.215Z] INFO: ContentRoutes ["GET /collections/:slug",{"slug":"flowers","page":1,"limit":50}]
[2025-10-01T04:22:53.691Z] INFO: ContentRoutes ["GET /collections/:slug",{"slug":"flowers","page":1,"limit":50}]
[2025-10-01T04:23:02.264Z] INFO: ContentRoutes ["GET /collections/:slug",{"slug":"flowers","page":2,"limit":50}]
[2025-10-01T04:23:07.122Z] INFO: ContentRoutes ["GET /collections/:slug",{"slug":"flowers","page":2,"limit":50}]
[2025-10-01T04:23:09.220Z] INFO: ContentRoutes ["GET /collections/:slug",{"slug":"flowers","page":2,"limit":10}]
[2025-10-01T04:23:12.297Z] INFO: ContentRoutes ["GET /collections/:slug",{"slug":"flowers","page":2,"limit":50}]
[2025-10-01T04:28:25.177Z] INFO: ContentRoutes ["GET /collections/:slug",{"slug":"darkbeauty","page":1,"limit":3}]
[2025-10-01T04:28:25.869Z] INFO: ContentRoutes ["GET /collections/:slug/images",{"slug":"darkbeauty","page":1,"limit":5}]
[2025-10-01T04:38:46.488Z] INFO: ContentRoutes ["GET /collections/:slug",{"slug":"flowers","page":2,"limit":20}]
[2025-10-15T21:14:04.691Z] INFO: ContentRoutes ["GET /collections/:slug",{"slug":"home","page":1,"limit":100}]
[2025-10-15T21:14:04.706Z] INFO: ContentRoutes ["GET /collections"]
[2025-10-15T21:14:04.714Z] INFO: ContentRoutes ["GET /collections/:slug",{"slug":"home","page":2,"limit":100}]
[2025-10-15T21:14:04.716Z] INFO: ContentRoutes ["GET /collections/:slug",{"slug":"home","page":3,"limit":100}]
[2025-10-15T21:14:04.725Z] INFO: ContentRoutes ["GET /collections/:slug",{"slug":"home","page":4,"limit":100}]
[2025-10-15T21:14:04.725Z] INFO: ContentRoutes ["GET /collections/:slug",{"slug":"home","page":5,"limit":100}]
[2025-10-15T21:14:04.727Z] INFO: ContentRoutes ["GET /collections/:slug",{"slug":"home","page":6,"limit":100}]
[2025-10-15T21:14:04.728Z] INFO: ContentRoutes ["GET /collections/:slug",{"slug":"home","page":7,"limit":100}]
[2025-10-15T21:14:04.728Z] INFO: ContentRoutes ["GET /collections/:slug",{"slug":"home","page":8,"limit":100}]
[2025-10-15T21:14:04.754Z] INFO: ContentRoutes ["GET /collections/:slug",{"slug":"home","page":9,"limit":100}]
[2025-10-15T21:14:04.783Z] INFO: ContentRoutes ["GET /collections/:slug",{"slug":"home","page":11,"limit":100}]
[2025-10-15T21:14:04.762Z] INFO: ContentRoutes ["GET /collections/:slug",{"slug":"home","page":10,"limit":100}]
[2025-10-15T21:14:04.787Z] INFO: ContentRoutes ["GET /collections/:slug",{"slug":"home","page":12,"limit":100}]
[2025-10-15T21:54:39.015Z] INFO: ContentRoutes ["GET /collections"]
[2025-10-15T21:54:42.737Z] INFO: ContentRoutes ["GET /collections"]
[2025-10-15T21:54:46.253Z] INFO: ContentRoutes ["GET /collections"]
[2025-10-15T21:54:46.259Z] INFO: ContentRoutes ["GET /collections"]
[2025-10-15T21:54:46.276Z] INFO: ContentRoutes ["GET /collections/:slug",{"slug":"scientists","page":1,"limit":20}]
[2025-10-15T21:54:46.277Z] INFO: ContentRoutes ["GET /collections/:slug",{"slug":"posted","page":1,"limit":20}]
[2025-10-15T21:54:46.278Z] INFO: ContentRoutes ["GET /collections/:slug",{"slug":"home","page":1,"limit":20}]
[2025-10-15T21:54:46.279Z] INFO: ContentRoutes ["GET /collections/:slug",{"slug":"mixed-collection","page":1,"limit":20}]
[2025-10-15T21:54:46.280Z] INFO: ContentRoutes ["GET /collections/:slug",{"slug":"gynoids","page":1,"limit":20}]
[2025-10-15T21:54:46.280Z] INFO: ContentRoutes ["GET /collections/:slug",{"slug":"couples","page":1,"limit":20}]
[2025-10-15T21:54:46.311Z] INFO: ContentRoutes ["GET /collections/:slug",{"slug":"cafe","page":1,"limit":20}]
[2025-10-15T21:54:55.606Z] INFO: ContentRoutes ["GET /collections"]
[2025-10-15T21:54:55.618Z] INFO: ContentRoutes ["GET /collections/:slug",{"slug":"scientists","page":2,"limit":100}]
