[2025-09-30T20:35:09.585Z] INFO: AdminRoutes ["POST /scan - Manual scan triggered"]
[2025-09-30T20:57:10.261Z] INFO: AdminRoutes ["POST /scan - Manual scan triggered"]
[2025-09-30T21:46:28.675Z] INFO: AdminRoutes ["Content scan completed",{"imagesProcessed":1124,"thumbnailsGenerated":0,"directoriesCreated":14,"configsApplied":0,"errors":["Failed to process image _e44d6bcf-8135-413e-a025-882a2562bb73_watermarked.jpg: SqliteError: UNIQUE constraint failed: images.id","Failed to process image _b0e0017b-4fa7-43be-b458-8011c443f0af_watermarked.jpg: SqliteError: UNIQUE constraint failed: images.id","Failed to process image _fe00fd29-b49d-43eb-a7ef-4e9b65cf1709_watermarked.jpg: SqliteError: UNIQUE constraint failed: images.id","Failed to process image _ffbc1783-ab75-421d-a88a-b31227bb00de_watermarked.jpg: SqliteError: UNIQUE constraint failed: images.id","Failed to process image _88796b65-24c2-473d-95fa-4e195c173d6d_watermarked.jpg: SqliteError: UNIQUE constraint failed: images.id","Failed to process image _b8e152f3-bea9-4d91-820c-0bdb73dad6b9_watermarked.jpg: SqliteError: UNIQUE constraint failed: images.id","Failed to process image _d5a54784-f94b-427f-aabd-4363f3f31c79_watermarked.jpg: SqliteError: UNIQUE constraint failed: images.id","Failed to process image _f73803e9-0a34-4a3a-a7f5-874cfb2fe516_watermarked.jpg: SqliteError: UNIQUE constraint failed: images.id","Failed to process image Hero-image.jpg: SqliteError: UNIQUE constraint failed: images.id","Failed to process image Hero-Image.jpg: SqliteError: UNIQUE constraint failed: images.id"]}]
[2025-09-30T23:08:50.120Z] INFO: AdminRoutes ["POST /scan - Manual scan triggered"]
[2025-10-01T03:53:41.465Z] INFO: AdminRoutes ["Content scan completed",{"imagesProcessed":9976,"thumbnailsGenerated":0,"directoriesCreated":28,"configsApplied":0,"errors":["Failed to process image _e44d6bcf-8135-413e-a025-882a2562bb73_watermarked_1080w.webp: SqliteError: UNIQUE constraint failed: images.id","Failed to process image _e44d6bcf-8135-413e-a025-882a2562bb73_watermarked_1200w.webp: SqliteError: UNIQUE constraint failed: images.id","Failed to process image _e44d6bcf-8135-413e-a025-882a2562bb73_watermarked_1920w.webp: SqliteError: UNIQUE constraint failed: images.id","Failed to process image _e44d6bcf-8135-413e-a025-882a2562bb73_watermarked_2048w.webp: SqliteError: UNIQUE constraint failed: images.id","Failed to process image _e44d6bcf-8135-413e-a025-882a2562bb73_watermarked_3840w.webp: SqliteError: UNIQUE constraint failed: images.id","Failed to process image _e44d6bcf-8135-413e-a025-882a2562bb73_watermarked_640w.webp: SqliteError: UNIQUE constraint failed: images.id","Failed to process image _e44d6bcf-8135-413e-a025-882a2562bb73_watermarked_750w.webp: SqliteError: UNIQUE constraint failed: images.id","Failed to process image _e44d6bcf-8135-413e-a025-882a2562bb73_watermarked_828w.webp: SqliteError: UNIQUE constraint failed: images.id","Failed to process image _e44d6bcf-8135-413e-a025-882a2562bb73_watermarked.jpg: SqliteError: UNIQUE constraint failed: images.id","Failed to process image _b0e0017b-4fa7-43be-b458-8011c443f0af_watermarked_1080w.webp: SqliteError: UNIQUE constraint failed: images.id","Failed to process image _b0e0017b-4fa7-43be-b458-8011c443f0af_watermarked_1200w.webp: SqliteError: UNIQUE constraint failed: images.id","Failed to process image _b0e0017b-4fa7-43be-b458-8011c443f0af_watermarked_1920w.webp: SqliteError: UNIQUE constraint failed: images.id","Failed to process image _b0e0017b-4fa7-43be-b458-8011c443f0af_watermarked_2048w.webp: SqliteError: UNIQUE constraint failed: images.id","Failed to process image _b0e0017b-4fa7-43be-b458-8011c443f0af_watermarked_3840w.webp: SqliteError: UNIQUE constraint failed: images.id","Failed to process image _b0e0017b-4fa7-43be-b458-8011c443f0af_watermarked_640w.webp: SqliteError: UNIQUE constraint failed: images.id","Failed to process image _b0e0017b-4fa7-43be-b458-8011c443f0af_watermarked_750w.webp: SqliteError: UNIQUE constraint failed: images.id","Failed to process image _b0e0017b-4fa7-43be-b458-8011c443f0af_watermarked_828w.webp: SqliteError: UNIQUE constraint failed: images.id","Failed to process image _fe00fd29-b49d-43eb-a7ef-4e9b65cf1709_watermarked_1080w.webp: SqliteError: UNIQUE constraint failed: images.id","Failed to process image _fe00fd29-b49d-43eb-a7ef-4e9b65cf1709_watermarked_1200w.webp: SqliteError: UNIQUE constraint failed: images.id","Failed to process image _fe00fd29-b49d-43eb-a7ef-4e9b65cf1709_watermarked_1920w.webp: SqliteError: UNIQUE constraint failed: images.id","Failed to process image _fe00fd29-b49d-43eb-a7ef-4e9b65cf1709_watermarked_2048w.webp: SqliteError: UNIQUE constraint failed: images.id","Failed to process image _fe00fd29-b49d-43eb-a7ef-4e9b65cf1709_watermarked_3840w.webp: SqliteError: UNIQUE constraint failed: images.id","Failed to process image _fe00fd29-b49d-43eb-a7ef-4e9b65cf1709_watermarked_640w.webp: SqliteError: UNIQUE constraint failed: images.id","Failed to process image _fe00fd29-b49d-43eb-a7ef-4e9b65cf1709_watermarked_750w.webp: SqliteError: UNIQUE constraint failed: images.id","Failed to process image _fe00fd29-b49d-43eb-a7ef-4e9b65cf1709_watermarked_828w.webp: SqliteError: UNIQUE constraint failed: images.id","Failed to process image _ffbc1783-ab75-421d-a88a-b31227bb00de_watermarked_1080w.webp: SqliteError: UNIQUE constraint failed: images.id","Failed to process image _ffbc1783-ab75-421d-a88a-b31227bb00de_watermarked_1200w.webp: SqliteError: UNIQUE constraint failed: images.id","Failed to process image _ffbc1783-ab75-421d-a88a-b31227bb00de_watermarked_1920w.webp: SqliteError: UNIQUE constraint failed: images.id","Failed to process image _ffbc1783-ab75-421d-a88a-b31227bb00de_watermarked_2048w.webp: SqliteError: UNIQUE constraint failed: images.id","Failed to process image _ffbc1783-ab75-421d-a88a-b31227bb00de_watermarked_3840w.webp: SqliteError: UNIQUE constraint failed: images.id","Failed to process image _ffbc1783-ab75-421d-a88a-b31227bb00de_watermarked_640w.webp: SqliteError: UNIQUE constraint failed: images.id","Failed to process image _ffbc1783-ab75-421d-a88a-b31227bb00de_watermarked_750w.webp: SqliteError: UNIQUE constraint failed: images.id","Failed to process image _ffbc1783-ab75-421d-a88a-b31227bb00de_watermarked_828w.webp: SqliteError: UNIQUE constraint failed: images.id","Failed to process image _b0e0017b-4fa7-43be-b458-8011c443f0af_watermarked.jpg: SqliteError: UNIQUE constraint failed: images.id","Failed to process image _fe00fd29-b49d-43eb-a7ef-4e9b65cf1709_watermarked.jpg: SqliteError: UNIQUE constraint failed: images.id","Failed to process image _ffbc1783-ab75-421d-a88a-b31227bb00de_watermarked.jpg: SqliteError: UNIQUE constraint failed: images.id","Failed to process image _88796b65-24c2-473d-95fa-4e195c173d6d_watermarked_1080w.webp: SqliteError: UNIQUE constraint failed: images.id","Failed to process image _88796b65-24c2-473d-95fa-4e195c173d6d_watermarked_1200w.webp: SqliteError: UNIQUE constraint failed: images.id","Failed to process image _88796b65-24c2-473d-95fa-4e195c173d6d_watermarked_1920w.webp: SqliteError: UNIQUE constraint failed: images.id","Failed to process image _88796b65-24c2-473d-95fa-4e195c173d6d_watermarked_2048w.webp: SqliteError: UNIQUE constraint failed: images.id","Failed to process image _88796b65-24c2-473d-95fa-4e195c173d6d_watermarked_3840w.webp: SqliteError: UNIQUE constraint failed: images.id","Failed to process image _88796b65-24c2-473d-95fa-4e195c173d6d_watermarked_640w.webp: SqliteError: UNIQUE constraint failed: images.id","Failed to process image _88796b65-24c2-473d-95fa-4e195c173d6d_watermarked_750w.webp: SqliteError: UNIQUE constraint failed: images.id","Failed to process image _88796b65-24c2-473d-95fa-4e195c173d6d_watermarked_828w.webp: SqliteError: UNIQUE constraint failed: images.id","Failed to process image _b06cbf3d-fd72-4e25-a830-ae010aa659e1_watermarked_1080w.webp: SqliteError: UNIQUE constraint failed: images.id","Failed to process image _b06cbf3d-fd72-4e25-a830-ae010aa659e1_watermarked_1200w.webp: SqliteError: UNIQUE constraint failed: images.id","Failed to process image _b06cbf3d-fd72-4e25-a830-ae010aa659e1_watermarked_1920w.webp: SqliteError: UNIQUE constraint failed: images.id","Failed to process image _b06cbf3d-fd72-4e25-a830-ae010aa659e1_watermarked_2048w.webp: SqliteError: UNIQUE constraint failed: images.id","Failed to process image _b06cbf3d-fd72-4e25-a830-ae010aa659e1_watermarked_3840w.webp: SqliteError: UNIQUE constraint failed: images.id","Failed to process image _b06cbf3d-fd72-4e25-a830-ae010aa659e1_watermarked_640w.webp: SqliteError: UNIQUE constraint failed: images.id","Failed to process image _b06cbf3d-fd72-4e25-a830-ae010aa659e1_watermarked_750w.webp: SqliteError: UNIQUE constraint failed: images.id","Failed to process image _b06cbf3d-fd72-4e25-a830-ae010aa659e1_watermarked_828w.webp: SqliteError: UNIQUE constraint failed: images.id","Failed to process image _b8e152f3-bea9-4d91-820c-0bdb73dad6b9_watermarked_1080w.webp: SqliteError: UNIQUE constraint failed: images.id","Failed to process image _b8e152f3-bea9-4d91-820c-0bdb73dad6b9_watermarked_1200w.webp: SqliteError: UNIQUE constraint failed: images.id","Failed to process image _b8e152f3-bea9-4d91-820c-0bdb73dad6b9_watermarked_1920w.webp: SqliteError: UNIQUE constraint failed: images.id","Failed to process image _b8e152f3-bea9-4d91-820c-0bdb73dad6b9_watermarked_2048w.webp: SqliteError: UNIQUE constraint failed: images.id","Failed to process image _b8e152f3-bea9-4d91-820c-0bdb73dad6b9_watermarked_3840w.webp: SqliteError: UNIQUE constraint failed: images.id","Failed to process image _b8e152f3-bea9-4d91-820c-0bdb73dad6b9_watermarked_640w.webp: SqliteError: UNIQUE constraint failed: images.id","Failed to process image _b8e152f3-bea9-4d91-820c-0bdb73dad6b9_watermarked_750w.webp: SqliteError: UNIQUE constraint failed: images.id","Failed to process image _b8e152f3-bea9-4d91-820c-0bdb73dad6b9_watermarked_828w.webp: SqliteError: UNIQUE constraint failed: images.id","Failed to process image _d5a54784-f94b-427f-aabd-4363f3f31c79_watermarked_1080w.webp: SqliteError: UNIQUE constraint failed: images.id","Failed to process image _d5a54784-f94b-427f-aabd-4363f3f31c79_watermarked_1200w.webp: SqliteError: UNIQUE constraint failed: images.id","Failed to process image _d5a54784-f94b-427f-aabd-4363f3f31c79_watermarked_1920w.webp: SqliteError: UNIQUE constraint failed: images.id","Failed to process image _d5a54784-f94b-427f-aabd-4363f3f31c79_watermarked_2048w.webp: SqliteError: UNIQUE constraint failed: images.id","Failed to process image _d5a54784-f94b-427f-aabd-4363f3f31c79_watermarked_3840w.webp: SqliteError: UNIQUE constraint failed: images.id","Failed to process image _d5a54784-f94b-427f-aabd-4363f3f31c79_watermarked_640w.webp: SqliteError: UNIQUE constraint failed: images.id","Failed to process image _d5a54784-f94b-427f-aabd-4363f3f31c79_watermarked_750w.webp: SqliteError: UNIQUE constraint failed: images.id","Failed to process image _d5a54784-f94b-427f-aabd-4363f3f31c79_watermarked_828w.webp: SqliteError: UNIQUE constraint failed: images.id","Failed to process image _f73803e9-0a34-4a3a-a7f5-874cfb2fe516_watermarked_1080w.webp: SqliteError: UNIQUE constraint failed: images.id","Failed to process image _f73803e9-0a34-4a3a-a7f5-874cfb2fe516_watermarked_1200w.webp: SqliteError: UNIQUE constraint failed: images.id","Failed to process image _f73803e9-0a34-4a3a-a7f5-874cfb2fe516_watermarked_1920w.webp: SqliteError: UNIQUE constraint failed: images.id","Failed to process image _f73803e9-0a34-4a3a-a7f5-874cfb2fe516_watermarked_2048w.webp: SqliteError: UNIQUE constraint failed: images.id","Failed to process image _f73803e9-0a34-4a3a-a7f5-874cfb2fe516_watermarked_3840w.webp: SqliteError: UNIQUE constraint failed: images.id","Failed to process image _f73803e9-0a34-4a3a-a7f5-874cfb2fe516_watermarked_640w.webp: SqliteError: UNIQUE constraint failed: images.id","Failed to process image _f73803e9-0a34-4a3a-a7f5-874cfb2fe516_watermarked_750w.webp: SqliteError: UNIQUE constraint failed: images.id","Failed to process image _f73803e9-0a34-4a3a-a7f5-874cfb2fe516_watermarked_828w.webp: SqliteError: UNIQUE constraint failed: images.id","Failed to process image _88796b65-24c2-473d-95fa-4e195c173d6d_watermarked.jpg: SqliteError: UNIQUE constraint failed: images.id","Failed to process image _b8e152f3-bea9-4d91-820c-0bdb73dad6b9_watermarked.jpg: SqliteError: UNIQUE constraint failed: images.id","Failed to process image _d5a54784-f94b-427f-aabd-4363f3f31c79_watermarked.jpg: SqliteError: UNIQUE constraint failed: images.id","Failed to process image _f73803e9-0a34-4a3a-a7f5-874cfb2fe516_watermarked.jpg: SqliteError: UNIQUE constraint failed: images.id","Failed to process image Hero-image.jpg: SqliteError: UNIQUE constraint failed: images.id","Failed to process image _3b3eb8b0-2b24-466a-a230-0f665b6dd2c5_watermarked_1080w.webp: SqliteError: UNIQUE constraint failed: images.id","Failed to process image _3b3eb8b0-2b24-466a-a230-0f665b6dd2c5_watermarked_1200w.webp: SqliteError: UNIQUE constraint failed: images.id","Failed to process image _3b3eb8b0-2b24-466a-a230-0f665b6dd2c5_watermarked_1920w.webp: SqliteError: UNIQUE constraint failed: images.id","Failed to process image _3b3eb8b0-2b24-466a-a230-0f665b6dd2c5_watermarked_2048w.webp: SqliteError: UNIQUE constraint failed: images.id","Failed to process image _3b3eb8b0-2b24-466a-a230-0f665b6dd2c5_watermarked_3840w.webp: SqliteError: UNIQUE constraint failed: images.id","Failed to process image _3b3eb8b0-2b24-466a-a230-0f665b6dd2c5_watermarked_640w.webp: SqliteError: UNIQUE constraint failed: images.id","Failed to process image _3b3eb8b0-2b24-466a-a230-0f665b6dd2c5_watermarked_750w.webp: SqliteError: UNIQUE constraint failed: images.id","Failed to process image _3b3eb8b0-2b24-466a-a230-0f665b6dd2c5_watermarked_828w.webp: SqliteError: UNIQUE constraint failed: images.id","Failed to process image Hero-Image.jpg: SqliteError: UNIQUE constraint failed: images.id"]}]
[2025-10-15T21:13:30.610Z] INFO: AdminRoutes ["POST /reset-rate-limit - Rate limit reset triggered",{"targetIp":"::1"}]
[2025-10-15T21:27:14.167Z] INFO: AdminRoutes ["POST /reset-rate-limit - Rate limit reset triggered",{"targetIp":"::1"}]
[2025-10-15T23:40:12.923Z] INFO: AdminRoutes ["POST /reset-rate-limit - Rate limit reset triggered",{"targetIp":"::1"}]
[2025-10-15T23:45:23.222Z] INFO: AdminRoutes ["POST /reset-rate-limit - Rate limit reset triggered",{"targetIp":"::1"}]
[2025-10-15T23:48:24.758Z] INFO: AdminRoutes ["POST /reset-rate-limit - Rate limit reset triggered",{"targetIp":"::1"}]
[2025-10-15T23:50:44.195Z] INFO: AdminRoutes ["POST /reset-rate-limit - Rate limit reset triggered",{"targetIp":"::1"}]
[2025-10-15T23:57:18.469Z] INFO: AdminRoutes ["POST /reset-rate-limit - Rate limit reset triggered",{"targetIp":"::1"}]
[2025-10-16T00:17:55.286Z] INFO: AdminRoutes ["POST /reset-rate-limit - Rate limit reset triggered",{"targetIp":"::1"}]
[2025-10-16T12:19:21.063Z] INFO: AdminRoutes ["POST /reset-rate-limit - Rate limit reset triggered",{"targetIp":"::1"}]
[2025-10-16T12:32:39.331Z] INFO: AdminRoutes ["POST /reset-rate-limit - Rate limit reset triggered",{"targetIp":"::1"}]
[2025-10-16T12:40:34.083Z] INFO: AdminRoutes ["POST /reset-rate-limit - Rate limit reset triggered",{"targetIp":"::1"}]
[2025-10-16T12:43:08.326Z] INFO: AdminRoutes ["POST /reset-rate-limit - Rate limit reset triggered",{"targetIp":"::1"}]
[2025-10-16T12:57:30.380Z] INFO: AdminRoutes ["POST /reset-rate-limit - Rate limit reset triggered",{"targetIp":"::1"}]
[2025-10-16T12:58:25.672Z] INFO: AdminRoutes ["POST /reset-rate-limit - Rate limit reset triggered",{"targetIp":"::1"}]
[2025-10-16T12:59:00.158Z] INFO: AdminRoutes ["POST /reset-rate-limit - Rate limit reset triggered",{"targetIp":"::1"}]
[2025-10-17T04:47:26.619Z] INFO: AdminRoutes ["POST /reset-rate-limit - Rate limit reset triggered",{"targetIp":"::1"}]
[2025-10-17T04:50:24.586Z] INFO: AdminRoutes ["POST /reset-rate-limit - Rate limit reset triggered",{"targetIp":"::1"}]
[2025-10-17T08:32:13.942Z] INFO: AdminRoutes ["POST /reset-rate-limit - Rate limit reset triggered",{"targetIp":"::1"}]
[2025-10-17T08:41:32.001Z] INFO: AdminRoutes ["POST /reset-rate-limit - Rate limit reset triggered",{"targetIp":"::1"}]
[2025-10-17T08:59:26.153Z] INFO: AdminRoutes ["POST /reset-rate-limit - Rate limit reset triggered",{"targetIp":"::1"}]
[2025-10-17T09:03:17.117Z] INFO: AdminRoutes ["POST /reset-rate-limit - Rate limit reset triggered",{"targetIp":"::1"}]
[2025-10-17T09:09:48.620Z] INFO: AdminRoutes ["POST /reset-rate-limit - Rate limit reset triggered",{"targetIp":"::1"}]
[2025-10-17T09:15:23.527Z] INFO: AdminRoutes ["POST /reset-rate-limit - Rate limit reset triggered",{"targetIp":"::1"}]
[2025-10-17T09:16:14.915Z] INFO: AdminRoutes ["POST /reset-rate-limit - Rate limit reset triggered",{"targetIp":"::1"}]
[2025-10-17T09:25:09.584Z] INFO: AdminRoutes ["POST /reset-rate-limit - Rate limit reset triggered",{"targetIp":"::1"}]
[2025-10-17T09:25:35.774Z] INFO: AdminRoutes ["POST /reset-rate-limit - Rate limit reset triggered",{"targetIp":"::1"}]
[2025-10-17T20:45:18.812Z] INFO: AdminRoutes ["POST /reset-rate-limit - Rate limit reset triggered",{"targetIp":"::1"}]
[2025-10-17T20:46:03.957Z] INFO: AdminRoutes ["POST /reset-rate-limit - Rate limit reset triggered",{"targetIp":"::1"}]
[2025-10-17T21:08:54.877Z] INFO: AdminRoutes ["POST /reset-rate-limit - Rate limit reset triggered",{"targetIp":"::1"}]
[2025-10-17T21:16:54.659Z] INFO: AdminRoutes ["POST /reset-rate-limit - Rate limit reset triggered",{"targetIp":"::1"}]
[2025-10-17T21:24:41.695Z] INFO: AdminRoutes ["POST /reset-rate-limit - Rate limit reset triggered",{"targetIp":"::1"}]
[2025-10-17T21:25:31.636Z] INFO: AdminRoutes ["POST /reset-rate-limit - Rate limit reset triggered",{"targetIp":"::1"}]
[2025-10-17T21:43:28.334Z] INFO: AdminRoutes ["PUT /config/home - Config update triggered"]
[2025-10-17T21:43:28.357Z] INFO: AdminRoutes ["Config written to filesystem for home",{"configPath":"E:\\mnt\\lupoportfolio\\content\\Home\\config.json"}]
[2025-10-17T21:43:28.367Z] INFO: AdminRoutes ["Updating database cache for home",{"directoryId":"c61fb62adb1c4f03","configKeys":["title","description","featured","tags","layoutType","sections","projection"]}]
[2025-10-17T21:43:28.370Z] INFO: AdminRoutes ["Updating cached directory fields",{"cachedFields":{"title":"Tasty Bits: A taste of home cooking","description":"a sample collection of my work, experiments, & projects"}}]
[2025-10-17T21:43:28.372Z] INFO: AdminRoutes ["Cached fields updated successfully"]
[2025-10-17T21:43:28.373Z] INFO: AdminRoutes ["Database cache updated successfully for home"]
[2025-10-17T21:43:28.375Z] INFO: AdminRoutes ["Verification read - config keys in DB",{"configKeys":["title","description","featured","tags","layoutType","sections","projection"],"title":"Tasty Bits: A taste of home cooking","description":"a sample collection of my work, experiments, & projects","coverImage":"E:\\mnt\\lupoportfolio\\content\\Home\\Hero.jpg"}]
[2025-10-17T21:43:28.376Z] INFO: AdminRoutes ["Config updated successfully for home",{"configPath":"E:\\mnt\\lupoportfolio\\content\\Home\\config.json"}]
[2025-10-17T21:44:25.548Z] INFO: AdminRoutes ["POST /reset-rate-limit - Rate limit reset triggered",{"targetIp":"::1"}]
[2025-10-17T21:44:58.577Z] INFO: AdminRoutes ["POST /reset-rate-limit - Rate limit reset triggered",{"targetIp":"::1"}]
[2025-10-17T21:45:30.744Z] INFO: AdminRoutes ["POST /reset-rate-limit - Rate limit reset triggered",{"targetIp":"::1"}]
[2025-10-17T21:45:46.799Z] INFO: AdminRoutes ["POST /reset-rate-limit - Rate limit reset triggered",{"targetIp":"::1"}]
[2025-10-17T22:08:04.352Z] INFO: AdminRoutes ["POST /reset-rate-limit - Rate limit reset triggered",{"targetIp":"::1"}]
[2025-10-18T00:16:30.078Z] INFO: AdminRoutes ["PUT /config/home - Config update triggered"]
[2025-10-18T00:16:30.112Z] INFO: AdminRoutes ["Config written to filesystem for home",{"configPath":"E:\\mnt\\lupoportfolio\\content\\Home\\config.json"}]
[2025-10-18T00:16:30.114Z] INFO: AdminRoutes ["Updating database cache for home",{"directoryId":"c61fb62adb1c4f03","configKeys":["projection"]}]
[2025-10-18T00:16:30.121Z] INFO: AdminRoutes ["Database cache updated successfully for home"]
[2025-10-18T00:16:30.124Z] INFO: AdminRoutes ["Verification read - config keys in DB",{"configKeys":["projection"],"title":"Tasty Bits: A taste of home cooking","description":"a sample collection of my work, experiments, & projects","coverImage":"E:\\mnt\\lupoportfolio\\content\\Home\\Hero.jpg"}]
[2025-10-18T00:16:30.126Z] INFO: AdminRoutes ["Config updated successfully for home",{"configPath":"E:\\mnt\\lupoportfolio\\content\\Home\\config.json"}]
[2025-10-18T00:43:14.230Z] INFO: AdminRoutes ["PUT /config/home - Config update triggered"]
[2025-10-18T00:43:14.261Z] INFO: AdminRoutes ["Config written to filesystem for home",{"configPath":"E:\\mnt\\lupoportfolio\\content\\Home\\config.json"}]
[2025-10-18T00:43:14.264Z] INFO: AdminRoutes ["Updating database cache for home",{"directoryId":"c61fb62adb1c4f03","configKeys":["title","description","featured","tags","layoutType","sections","projection"]}]
[2025-10-18T00:43:14.269Z] INFO: AdminRoutes ["Updating cached directory fields",{"cachedFields":{"title":"Tasty Bits: A taste of home cooking","description":"a sample collection of my work, experiments, & projects"}}]
[2025-10-18T00:43:14.271Z] INFO: AdminRoutes ["Cached fields updated successfully"]
[2025-10-18T00:43:14.273Z] INFO: AdminRoutes ["Database cache updated successfully for home"]
[2025-10-18T00:43:14.274Z] INFO: AdminRoutes ["Verification read - config keys in DB",{"configKeys":["title","description","featured","tags","layoutType","sections","projection"],"title":"Tasty Bits: A taste of home cooking","description":"a sample collection of my work, experiments, & projects","coverImage":"E:\\mnt\\lupoportfolio\\content\\Home\\Hero.jpg"}]
[2025-10-18T00:43:14.276Z] INFO: AdminRoutes ["Config updated successfully for home",{"configPath":"E:\\mnt\\lupoportfolio\\content\\Home\\config.json"}]
[2025-10-18T00:48:04.711Z] INFO: AdminRoutes ["POST /reset-rate-limit - Rate limit reset triggered",{"targetIp":"::1"}]
[2025-10-18T08:56:05.044Z] INFO: AdminRoutes ["POST /reset-rate-limit - Rate limit reset triggered",{"targetIp":"::1"}]
[2025-10-19T04:49:34.825Z] INFO: AdminRoutes ["POST /reset-rate-limit - Rate limit reset triggered",{"targetIp":"::1"}]
[2025-10-19T05:05:01.744Z] INFO: AdminRoutes ["PUT /config/couples - Config update triggered"]
[2025-10-19T05:05:01.750Z] INFO: AdminRoutes ["Config written to filesystem for couples",{"configPath":"E:\\mnt\\lupoportfolio\\content\\couples\\config.json"}]
[2025-10-19T05:05:01.751Z] INFO: AdminRoutes ["Updating database cache for couples",{"directoryId":"b98ac3eef3be6043","configKeys":["layoutType","sections","projection"]}]
[2025-10-19T05:05:01.755Z] INFO: AdminRoutes ["Database cache updated successfully for couples"]
[2025-10-19T05:05:01.758Z] INFO: AdminRoutes ["Verification read - config keys in DB",{"configKeys":["layoutType","sections","projection"],"title":"Couples","description":null,"coverImage":"E:\\mnt\\lupoportfolio\\content\\couples\\Hero-image.jpg"}]
[2025-10-19T05:05:01.759Z] INFO: AdminRoutes ["Config updated successfully for couples",{"configPath":"E:\\mnt\\lupoportfolio\\content\\couples\\config.json"}]
[2025-10-19T05:43:38.289Z] INFO: AdminRoutes ["PUT /config/scientists - Config update triggered"]
[2025-10-19T05:43:38.299Z] INFO: AdminRoutes ["Config written to filesystem for scientists",{"configPath":"E:\\mnt\\lupoportfolio\\content\\Scientists\\config.json"}]
[2025-10-19T05:43:38.302Z] INFO: AdminRoutes ["Updating database cache for scientists",{"directoryId":"18803e5a78e25d54","configKeys":["layoutType","sections","projection"]}]
[2025-10-19T05:43:38.307Z] INFO: AdminRoutes ["Database cache updated successfully for scientists"]
[2025-10-19T05:43:38.308Z] INFO: AdminRoutes ["Verification read - config keys in DB",{"configKeys":["layoutType","sections","projection"],"title":"Scientists","description":"Scientists collection - Round-trip test completed at 2025-10-12T15:30:00Z","coverImage":"E:\\mnt\\lupoportfolio\\content\\Scientists\\hero.jfif"}]
[2025-10-19T05:43:38.309Z] INFO: AdminRoutes ["Config updated successfully for scientists",{"configPath":"E:\\mnt\\lupoportfolio\\content\\Scientists\\config.json"}]
[2025-10-19T07:10:11.493Z] INFO: AdminRoutes ["PUT /config/home - Config update triggered"]
[2025-10-19T07:10:11.527Z] INFO: AdminRoutes ["Config written to filesystem for home",{"configPath":"E:\\mnt\\lupoportfolio\\content\\Home\\config.json"}]
[2025-10-19T07:10:11.529Z] INFO: AdminRoutes ["Updating database cache for home",{"directoryId":"c61fb62adb1c4f03","configKeys":["title","description","featured","tags","layoutType","sections","projection"]}]
[2025-10-19T07:10:11.533Z] INFO: AdminRoutes ["Updating cached directory fields",{"cachedFields":{"title":"Home Page Validation","description":"a sample collection of my work, experiments, & projects"}}]
[2025-10-19T07:10:11.537Z] INFO: AdminRoutes ["Cached fields updated successfully"]
[2025-10-19T07:10:11.538Z] INFO: AdminRoutes ["Database cache updated successfully for home"]
[2025-10-19T07:10:11.539Z] INFO: AdminRoutes ["Verification read - config keys in DB",{"configKeys":["title","description","featured","tags","layoutType","sections","projection"],"title":"Home Page Validation","description":"a sample collection of my work, experiments, & projects","coverImage":"E:\\mnt\\lupoportfolio\\content\\Home\\Hero.jpg"}]
[2025-10-19T07:10:11.541Z] INFO: AdminRoutes ["Config updated successfully for home",{"configPath":"E:\\mnt\\lupoportfolio\\content\\Home\\config.json"}]
[2025-10-19T07:12:57.941Z] INFO: AdminRoutes ["PUT /config/home - Config update triggered"]
[2025-10-19T07:12:57.968Z] INFO: AdminRoutes ["Config written to filesystem for home",{"configPath":"E:\\mnt\\lupoportfolio\\content\\Home\\config.json"}]
[2025-10-19T07:12:57.971Z] INFO: AdminRoutes ["Updating database cache for home",{"directoryId":"c61fb62adb1c4f03","configKeys":["title","description","featured","tags","layoutType","sections","projection"]}]
[2025-10-19T07:12:57.975Z] INFO: AdminRoutes ["Updating cached directory fields",{"cachedFields":{"title":"Home Page Name","description":"a sample collection of my work, experiments, & projects"}}]
[2025-10-19T07:12:57.978Z] INFO: AdminRoutes ["Cached fields updated successfully"]
[2025-10-19T07:12:57.980Z] INFO: AdminRoutes ["Database cache updated successfully for home"]
[2025-10-19T07:12:57.982Z] INFO: AdminRoutes ["Verification read - config keys in DB",{"configKeys":["title","description","featured","tags","layoutType","sections","projection"],"title":"Home Page Name","description":"a sample collection of my work, experiments, & projects","coverImage":"E:\\mnt\\lupoportfolio\\content\\Home\\Hero.jpg"}]
[2025-10-19T07:12:57.984Z] INFO: AdminRoutes ["Config updated successfully for home",{"configPath":"E:\\mnt\\lupoportfolio\\content\\Home\\config.json"}]
[2025-10-19T07:14:03.675Z] INFO: AdminRoutes ["PUT /config/home - Config update triggered"]
[2025-10-19T07:14:03.702Z] INFO: AdminRoutes ["Config written to filesystem for home",{"configPath":"E:\\mnt\\lupoportfolio\\content\\Home\\config.json"}]
[2025-10-19T07:14:03.703Z] INFO: AdminRoutes ["Updating database cache for home",{"directoryId":"c61fb62adb1c4f03","configKeys":["title","description","featured","tags","layoutType","sections","projection"]}]
[2025-10-19T07:14:03.707Z] INFO: AdminRoutes ["Updating cached directory fields",{"cachedFields":{"title":"Home Page Name","description":"a sample collection of my work, experiments, & projects"}}]
[2025-10-19T07:14:03.709Z] INFO: AdminRoutes ["Cached fields updated successfully"]
[2025-10-19T07:14:03.710Z] INFO: AdminRoutes ["Database cache updated successfully for home"]
[2025-10-19T07:14:03.712Z] INFO: AdminRoutes ["Verification read - config keys in DB",{"configKeys":["title","description","featured","tags","layoutType","sections","projection"],"title":"Home Page Name","description":"a sample collection of my work, experiments, & projects","coverImage":"E:\\mnt\\lupoportfolio\\content\\Home\\Hero.jpg"}]
[2025-10-19T07:14:03.713Z] INFO: AdminRoutes ["Config updated successfully for home",{"configPath":"E:\\mnt\\lupoportfolio\\content\\Home\\config.json"}]
